{"/home/daniel/sytw/front/Proyecto_sytw/src/app/app.component.html": {"path":"/home/daniel/sytw/front/Proyecto_sytw/src/app/app.component.html","statementMap":{"0":{"start":{"line":1,"column":0},"end":{"line":1,"column":749}}},"fnMap":{},"branchMap":{},"s":{"0":1},"f":{},"b":{},"_coverageSchema":"1a1c01bbd47fc00a2c39e90264f33305004495a9","hash":"8767a3c0239de443a165edf1fd0906fef4729977"}
,"/home/daniel/sytw/front/Proyecto_sytw/src/app/app.component.ts": {"path":"/home/daniel/sytw/front/Proyecto_sytw/src/app/app.component.ts","statementMap":{"0":{"start":{"line":1,"column":0},"end":{"line":1,"column":42}},"1":{"start":{"line":8,"column":7},"end":{"line":23,"column":null}},"2":{"start":{"line":9,"column":2},"end":{"line":9,"column":21}},"3":{"start":{"line":10,"column":2},"end":{"line":10,"column":15}},"4":{"start":{"line":13,"column":20},"end":{"line":13,"column":46}},"5":{"start":{"line":14,"column":27},"end":{"line":14,"column":82}},"6":{"start":{"line":14,"column":50},"end":{"line":14,"column":81}},"7":{"start":{"line":15,"column":6},"end":{"line":15,"column":51}},"8":{"start":{"line":16,"column":6},"end":{"line":20,"column":7}},"9":{"start":{"line":17,"column":6},"end":{"line":19,"column":null}},"10":{"start":{"line":18,"column":8},"end":{"line":18,"column":39}},"11":{"start":{"line":8,"column":13},"end":{"line":23,"column":null}},"12":{"start":{"line":8,"column":13},"end":{"line":8,"column":25}}},"fnMap":{"0":{"name":"(anonymous_0)","decl":{"start":{"line":8,"column":7},"end":{"line":8,"column":13}},"loc":{"start":{"line":8,"column":7},"end":{"line":23,"column":1}}},"1":{"name":"(anonymous_1)","decl":{"start":{"line":12,"column":2},"end":{"line":12,"column":10}},"loc":{"start":{"line":12,"column":10},"end":{"line":21,"column":3}}},"2":{"name":"(anonymous_2)","decl":{"start":{"line":14,"column":40},"end":{"line":14,"column":46}},"loc":{"start":{"line":14,"column":50},"end":{"line":14,"column":81}}},"3":{"name":"(anonymous_3)","decl":{"start":{"line":16,"column":41},"end":{"line":16,"column":42}},"loc":{"start":{"line":16,"column":51},"end":{"line":20,"column":5}}}},"branchMap":{"0":{"loc":{"start":{"line":17,"column":6},"end":{"line":19,"column":null}},"type":"if","locations":[{"start":{"line":17,"column":6},"end":{"line":19,"column":null}}]}},"s":{"0":1,"1":1,"2":2,"3":2,"4":0,"5":0,"6":0,"7":0,"8":0,"9":0,"10":0,"11":1,"12":1},"f":{"0":2,"1":0,"2":0,"3":0},"b":{"0":[0]}}
,"/home/daniel/sytw/front/Proyecto_sytw/src/app/_guards/auth.guard.ts": {"path":"/home/daniel/sytw/front/Proyecto_sytw/src/app/_guards/auth.guard.ts","statementMap":{"0":{"start":{"line":1,"column":0},"end":{"line":1,"column":43}},"1":{"start":{"line":2,"column":0},"end":{"line":2,"column":108}},"2":{"start":{"line":3,"column":0},"end":{"line":3,"column":56}},"3":{"start":{"line":10,"column":12},"end":{"line":10,"column":36}},"4":{"start":{"line":11,"column":12},"end":{"line":11,"column":26}},"5":{"start":{"line":14,"column":4},"end":{"line":20,"column":null}},"6":{"start":{"line":15,"column":6},"end":{"line":15,"column":39}},"7":{"start":{"line":16,"column":6},"end":{"line":16,"column":null}},"8":{"start":{"line":17,"column":6},"end":{"line":17,"column":19}},"9":{"start":{"line":19,"column":6},"end":{"line":19,"column":18}},"10":{"start":{"line":8,"column":13},"end":{"line":23,"column":null}},"11":{"start":{"line":8,"column":13},"end":{"line":8,"column":22}}},"fnMap":{"0":{"name":"(anonymous_0)","decl":{"start":{"line":9,"column":2},"end":{"line":9,"column":null}},"loc":{"start":{"line":11,"column":26},"end":{"line":12,"column":6}}},"1":{"name":"(anonymous_1)","decl":{"start":{"line":13,"column":2},"end":{"line":13,"column":13}},"loc":{"start":{"line":13,"column":13},"end":{"line":21,"column":3}}}},"branchMap":{"0":{"loc":{"start":{"line":14,"column":4},"end":{"line":20,"column":null}},"type":"if","locations":[{"start":{"line":14,"column":4},"end":{"line":20,"column":null}},{"start":{"line":18,"column":11},"end":{"line":20,"column":null}}]}},"s":{"0":1,"1":1,"2":1,"3":1,"4":1,"5":0,"6":0,"7":0,"8":0,"9":0,"10":1,"11":1},"f":{"0":1,"1":0},"b":{"0":[0,0]}}
,"/home/daniel/sytw/front/Proyecto_sytw/src/app/_services/auth.service.ts": {"path":"/home/daniel/sytw/front/Proyecto_sytw/src/app/_services/auth.service.ts","statementMap":{"0":{"start":{"line":1,"column":0},"end":{"line":1,"column":43}},"1":{"start":{"line":2,"column":0},"end":{"line":2,"column":75}},"2":{"start":{"line":4,"column":0},"end":{"line":4,"column":54}},"3":{"start":{"line":6,"column":20},"end":{"line":9,"column":2}},"4":{"start":{"line":20,"column":12},"end":{"line":20,"column":28}},"5":{"start":{"line":21,"column":12},"end":{"line":21,"column":38}},"6":{"start":{"line":17,"column":10},"end":{"line":17,"column":40}},"7":{"start":{"line":24,"column":4},"end":{"line":24,"column":null}},"8":{"start":{"line":27,"column":4},"end":{"line":27,"column":71}},"9":{"start":{"line":30,"column":4},"end":{"line":30,"column":119}},"10":{"start":{"line":33,"column":4},"end":{"line":42,"column":null}},"11":{"start":{"line":34,"column":20},"end":{"line":34,"column":46}},"12":{"start":{"line":35,"column":18},"end":{"line":35,"column":70}},"13":{"start":{"line":35,"column":41},"end":{"line":35,"column":69}},"14":{"start":{"line":36,"column":6},"end":{"line":36,"column":33}},"15":{"start":{"line":37,"column":6},"end":{"line":37,"column":88}},"16":{"start":{"line":38,"column":6},"end":{"line":38,"column":60}},"17":{"start":{"line":39,"column":6},"end":{"line":39,"column":74}},"18":{"start":{"line":41,"column":6},"end":{"line":41,"column":18}},"19":{"start":{"line":46,"column":18},"end":{"line":46,"column":44}},"20":{"start":{"line":47,"column":16},"end":{"line":47,"column":68}},"21":{"start":{"line":47,"column":39},"end":{"line":47,"column":67}},"22":{"start":{"line":48,"column":4},"end":{"line":52,"column":null}},"23":{"start":{"line":49,"column":6},"end":{"line":49,"column":19}},"24":{"start":{"line":51,"column":6},"end":{"line":51,"column":33}},"25":{"start":{"line":53,"column":4},"end":{"line":57,"column":null}},"26":{"start":{"line":54,"column":6},"end":{"line":54,"column":19}},"27":{"start":{"line":56,"column":6},"end":{"line":56,"column":18}},"28":{"start":{"line":14,"column":13},"end":{"line":59,"column":null}},"29":{"start":{"line":14,"column":13},"end":{"line":14,"column":24}}},"fnMap":{"0":{"name":"(anonymous_0)","decl":{"start":{"line":19,"column":2},"end":{"line":19,"column":null}},"loc":{"start":{"line":21,"column":38},"end":{"line":21,"column":42}}},"1":{"name":"(anonymous_1)","decl":{"start":{"line":23,"column":2},"end":{"line":23,"column":7}},"loc":{"start":{"line":23,"column":42},"end":{"line":25,"column":3}}},"2":{"name":"(anonymous_2)","decl":{"start":{"line":26,"column":2},"end":{"line":26,"column":10}},"loc":{"start":{"line":26,"column":45},"end":{"line":28,"column":3}}},"3":{"name":"(anonymous_3)","decl":{"start":{"line":29,"column":2},"end":{"line":29,"column":9}},"loc":{"start":{"line":29,"column":149},"end":{"line":31,"column":3}}},"4":{"name":"(anonymous_4)","decl":{"start":{"line":32,"column":2},"end":{"line":32,"column":11}},"loc":{"start":{"line":32,"column":40},"end":{"line":43,"column":3}}},"5":{"name":"(anonymous_5)","decl":{"start":{"line":35,"column":31},"end":{"line":35,"column":37}},"loc":{"start":{"line":35,"column":41},"end":{"line":35,"column":69}}},"6":{"name":"(anonymous_6)","decl":{"start":{"line":45,"column":2},"end":{"line":45,"column":8}},"loc":{"start":{"line":45,"column":8},"end":{"line":58,"column":3}}},"7":{"name":"(anonymous_7)","decl":{"start":{"line":47,"column":29},"end":{"line":47,"column":35}},"loc":{"start":{"line":47,"column":39},"end":{"line":47,"column":67}}}},"branchMap":{"0":{"loc":{"start":{"line":33,"column":4},"end":{"line":42,"column":null}},"type":"if","locations":[{"start":{"line":33,"column":4},"end":{"line":42,"column":null}},{"start":{"line":40,"column":11},"end":{"line":42,"column":null}}]},"1":{"loc":{"start":{"line":48,"column":4},"end":{"line":52,"column":null}},"type":"if","locations":[{"start":{"line":48,"column":4},"end":{"line":52,"column":null}},{"start":{"line":50,"column":10},"end":{"line":52,"column":null}}]},"2":{"loc":{"start":{"line":53,"column":4},"end":{"line":57,"column":null}},"type":"if","locations":[{"start":{"line":53,"column":4},"end":{"line":57,"column":null}},{"start":{"line":55,"column":11},"end":{"line":57,"column":null}}]},"3":{"loc":{"start":{"line":53,"column":7},"end":{"line":53,"column":56}},"type":"binary-expr","locations":[{"start":{"line":53,"column":7},"end":{"line":53,"column":16}},{"start":{"line":53,"column":20},"end":{"line":53,"column":56}}]}},"s":{"0":6,"1":6,"2":6,"3":6,"4":17,"5":17,"6":17,"7":1,"8":1,"9":0,"10":0,"11":0,"12":0,"13":0,"14":0,"15":0,"16":0,"17":0,"18":0,"19":0,"20":0,"21":0,"22":0,"23":0,"24":0,"25":0,"26":0,"27":0,"28":6,"29":6},"f":{"0":17,"1":1,"2":1,"3":0,"4":0,"5":0,"6":0,"7":0},"b":{"0":[0,0],"1":[0,0],"2":[0,0],"3":[0,0]}}
,"/home/daniel/sytw/front/Proyecto_sytw/src/app/_services/token-interceptor.service.ts": {"path":"/home/daniel/sytw/front/Proyecto_sytw/src/app/_services/token-interceptor.service.ts","statementMap":{"0":{"start":{"line":2,"column":0},"end":{"line":2,"column":43}},"1":{"start":{"line":13,"column":18},"end":{"line":13,"column":47}},"2":{"start":{"line":14,"column":24},"end":{"line":18,"column":6}},"3":{"start":{"line":19,"column":4},"end":{"line":19,"column":36}},"4":{"start":{"line":8,"column":13},"end":{"line":23,"column":null}},"5":{"start":{"line":8,"column":13},"end":{"line":8,"column":36}}},"fnMap":{"0":{"name":"(anonymous_0)","decl":{"start":{"line":22,"column":2},"end":{"line":22,"column":18}},"loc":{"start":{"line":22,"column":2},"end":{"line":22,"column":19}}},"1":{"name":"(anonymous_1)","decl":{"start":{"line":11,"column":2},"end":{"line":11,"column":11}},"loc":{"start":{"line":11,"column":22},"end":{"line":20,"column":3}}}},"branchMap":{},"s":{"0":1,"1":0,"2":0,"3":0,"4":1,"5":1},"f":{"0":1,"1":0},"b":{}}
,"/home/daniel/sytw/front/Proyecto_sytw/src/app/calculator/calculator.component.html": {"path":"/home/daniel/sytw/front/Proyecto_sytw/src/app/calculator/calculator.component.html","statementMap":{"0":{"start":{"line":1,"column":0},"end":{"line":1,"column":8799}}},"fnMap":{},"branchMap":{},"s":{"0":1},"f":{},"b":{},"_coverageSchema":"1a1c01bbd47fc00a2c39e90264f33305004495a9","hash":"b35c09412e50d81f984a1177be0826466345c5f0"}
,"/home/daniel/sytw/front/Proyecto_sytw/src/app/calculator/calculator.component.ts": {"path":"/home/daniel/sytw/front/Proyecto_sytw/src/app/calculator/calculator.component.ts","statementMap":{"0":{"start":{"line":1,"column":0},"end":{"line":1,"column":42}},"1":{"start":{"line":2,"column":0},"end":{"line":2,"column":56}},"2":{"start":{"line":3,"column":0},"end":{"line":3,"column":32}},"3":{"start":{"line":43,"column":23},"end":{"line":43,"column":47}},"4":{"start":{"line":13,"column":4},"end":{"line":13,"column":17}},"5":{"start":{"line":14,"column":4},"end":{"line":14,"column":17}},"6":{"start":{"line":15,"column":4},"end":{"line":15,"column":16}},"7":{"start":{"line":16,"column":4},"end":{"line":16,"column":12}},"8":{"start":{"line":18,"column":4},"end":{"line":18,"column":16}},"9":{"start":{"line":19,"column":4},"end":{"line":19,"column":18}},"10":{"start":{"line":20,"column":4},"end":{"line":20,"column":16}},"11":{"start":{"line":21,"column":4},"end":{"line":21,"column":16}},"12":{"start":{"line":22,"column":4},"end":{"line":22,"column":16}},"13":{"start":{"line":24,"column":4},"end":{"line":24,"column":17}},"14":{"start":{"line":25,"column":4},"end":{"line":25,"column":17}},"15":{"start":{"line":26,"column":4},"end":{"line":26,"column":16}},"16":{"start":{"line":27,"column":4},"end":{"line":27,"column":12}},"17":{"start":{"line":29,"column":4},"end":{"line":29,"column":16}},"18":{"start":{"line":30,"column":4},"end":{"line":30,"column":18}},"19":{"start":{"line":31,"column":4},"end":{"line":31,"column":16}},"20":{"start":{"line":32,"column":4},"end":{"line":32,"column":16}},"21":{"start":{"line":33,"column":4},"end":{"line":33,"column":16}},"22":{"start":{"line":35,"column":4},"end":{"line":35,"column":11}},"23":{"start":{"line":36,"column":4},"end":{"line":36,"column":15}},"24":{"start":{"line":37,"column":4},"end":{"line":37,"column":18}},"25":{"start":{"line":38,"column":4},"end":{"line":38,"column":14}},"26":{"start":{"line":39,"column":4},"end":{"line":39,"column":18}},"27":{"start":{"line":40,"column":4},"end":{"line":40,"column":13}},"28":{"start":{"line":41,"column":4},"end":{"line":41,"column":19}},"29":{"start":{"line":55,"column":4},"end":{"line":102,"column":null}},"30":{"start":{"line":55,"column":33},"end":{"line":102,"column":null}},"31":{"start":{"line":57,"column":6},"end":{"line":57,"column":28}},"32":{"start":{"line":59,"column":6},"end":{"line":59,"column":60}},"33":{"start":{"line":60,"column":23},"end":{"line":60,"column":45}},"34":{"start":{"line":62,"column":6},"end":{"line":65,"column":null}},"35":{"start":{"line":63,"column":8},"end":{"line":63,"column":null}},"36":{"start":{"line":64,"column":8},"end":{"line":64,"column":14}},"37":{"start":{"line":67,"column":22},"end":{"line":67,"column":43}},"38":{"start":{"line":69,"column":6},"end":{"line":69,"column":22}},"39":{"start":{"line":70,"column":6},"end":{"line":70,"column":34}},"40":{"start":{"line":71,"column":6},"end":{"line":71,"column":48}},"41":{"start":{"line":72,"column":6},"end":{"line":74,"column":null}},"42":{"start":{"line":73,"column":8},"end":{"line":73,"column":49}},"43":{"start":{"line":76,"column":6},"end":{"line":79,"column":null}},"44":{"start":{"line":76,"column":19},"end":{"line":76,"column":20}},"45":{"start":{"line":77,"column":8},"end":{"line":77,"column":52}},"46":{"start":{"line":78,"column":8},"end":{"line":78,"column":51}},"47":{"start":{"line":80,"column":6},"end":{"line":82,"column":null}},"48":{"start":{"line":80,"column":18},"end":{"line":80,"column":19}},"49":{"start":{"line":81,"column":8},"end":{"line":81,"column":51}},"50":{"start":{"line":84,"column":7},"end":{"line":84,"column":120}},"51":{"start":{"line":86,"column":7},"end":{"line":86,"column":102}},"52":{"start":{"line":87,"column":6},"end":{"line":91,"column":null}},"53":{"start":{"line":88,"column":9},"end":{"line":88,"column":104}},"54":{"start":{"line":90,"column":9},"end":{"line":90,"column":72}},"55":{"start":{"line":94,"column":6},"end":{"line":94,"column":72}},"56":{"start":{"line":95,"column":6},"end":{"line":95,"column":73}},"57":{"start":{"line":96,"column":6},"end":{"line":96,"column":73}},"58":{"start":{"line":97,"column":6},"end":{"line":97,"column":74}},"59":{"start":{"line":98,"column":6},"end":{"line":98,"column":74}},"60":{"start":{"line":99,"column":6},"end":{"line":99,"column":73}},"61":{"start":{"line":100,"column":6},"end":{"line":100,"column":83}},"62":{"start":{"line":104,"column":4},"end":{"line":152,"column":null}},"63":{"start":{"line":104,"column":33},"end":{"line":152,"column":null}},"64":{"start":{"line":107,"column":8},"end":{"line":107,"column":30}},"65":{"start":{"line":109,"column":8},"end":{"line":109,"column":62}},"66":{"start":{"line":110,"column":25},"end":{"line":110,"column":47}},"67":{"start":{"line":112,"column":8},"end":{"line":115,"column":null}},"68":{"start":{"line":113,"column":10},"end":{"line":113,"column":null}},"69":{"start":{"line":114,"column":10},"end":{"line":114,"column":16}},"70":{"start":{"line":117,"column":24},"end":{"line":117,"column":45}},"71":{"start":{"line":119,"column":8},"end":{"line":119,"column":24}},"72":{"start":{"line":120,"column":8},"end":{"line":120,"column":36}},"73":{"start":{"line":121,"column":8},"end":{"line":121,"column":50}},"74":{"start":{"line":122,"column":8},"end":{"line":124,"column":null}},"75":{"start":{"line":123,"column":10},"end":{"line":123,"column":51}},"76":{"start":{"line":126,"column":8},"end":{"line":129,"column":null}},"77":{"start":{"line":126,"column":21},"end":{"line":126,"column":22}},"78":{"start":{"line":127,"column":10},"end":{"line":127,"column":54}},"79":{"start":{"line":128,"column":10},"end":{"line":128,"column":53}},"80":{"start":{"line":130,"column":8},"end":{"line":132,"column":null}},"81":{"start":{"line":130,"column":20},"end":{"line":130,"column":21}},"82":{"start":{"line":131,"column":10},"end":{"line":131,"column":53}},"83":{"start":{"line":134,"column":9},"end":{"line":134,"column":122}},"84":{"start":{"line":136,"column":9},"end":{"line":136,"column":104}},"85":{"start":{"line":137,"column":8},"end":{"line":141,"column":null}},"86":{"start":{"line":138,"column":11},"end":{"line":138,"column":106}},"87":{"start":{"line":140,"column":11},"end":{"line":140,"column":74}},"88":{"start":{"line":144,"column":8},"end":{"line":144,"column":74}},"89":{"start":{"line":145,"column":8},"end":{"line":145,"column":75}},"90":{"start":{"line":146,"column":8},"end":{"line":146,"column":75}},"91":{"start":{"line":147,"column":8},"end":{"line":147,"column":76}},"92":{"start":{"line":148,"column":8},"end":{"line":148,"column":76}},"93":{"start":{"line":149,"column":8},"end":{"line":149,"column":75}},"94":{"start":{"line":150,"column":8},"end":{"line":150,"column":85}},"95":{"start":{"line":168,"column":6},"end":{"line":187,"column":null}},"96":{"start":{"line":168,"column":25},"end":{"line":187,"column":null}},"97":{"start":{"line":169,"column":8},"end":{"line":169,"column":28}},"98":{"start":{"line":171,"column":8},"end":{"line":171,"column":57}},"99":{"start":{"line":172,"column":25},"end":{"line":172,"column":46}},"100":{"start":{"line":174,"column":8},"end":{"line":177,"column":null}},"101":{"start":{"line":175,"column":10},"end":{"line":175,"column":null}},"102":{"start":{"line":176,"column":10},"end":{"line":176,"column":16}},"103":{"start":{"line":179,"column":21},"end":{"line":179,"column":42}},"104":{"start":{"line":181,"column":8},"end":{"line":181,"column":34}},"105":{"start":{"line":182,"column":8},"end":{"line":182,"column":32}},"106":{"start":{"line":183,"column":8},"end":{"line":183,"column":39}},"107":{"start":{"line":184,"column":8},"end":{"line":184,"column":42}},"108":{"start":{"line":186,"column":9},"end":{"line":186,"column":108}},"109":{"start":{"line":46,"column":6},"end":{"line":46,"column":79}},"110":{"start":{"line":47,"column":6},"end":{"line":47,"column":null}},"111":{"start":{"line":51,"column":8},"end":{"line":51,"column":81}},"112":{"start":{"line":52,"column":8},"end":{"line":52,"column":null}},"113":{"start":{"line":155,"column":8},"end":{"line":155,"column":79}},"114":{"start":{"line":156,"column":8},"end":{"line":156,"column":28}},"115":{"start":{"line":157,"column":8},"end":{"line":157,"column":67}},"116":{"start":{"line":161,"column":8},"end":{"line":164,"column":11}},"117":{"start":{"line":162,"column":10},"end":{"line":162,"column":27}},"118":{"start":{"line":163,"column":10},"end":{"line":163,"column":39}},"119":{"start":{"line":165,"column":8},"end":{"line":165,"column":68}},"120":{"start":{"line":10,"column":13},"end":{"line":189,"column":null}},"121":{"start":{"line":10,"column":13},"end":{"line":10,"column":32}}},"fnMap":{"0":{"name":"(anonymous_0)","decl":{"start":{"line":43,"column":4},"end":{"line":43,"column":23}},"loc":{"start":{"line":43,"column":47},"end":{"line":43,"column":52}}},"1":{"name":"(anonymous_1)","decl":{"start":{"line":55,"column":22},"end":{"line":55,"column":28}},"loc":{"start":{"line":55,"column":33},"end":{"line":102,"column":null}}},"2":{"name":"(anonymous_2)","decl":{"start":{"line":55,"column":33},"end":{"line":55,"column":null}},"loc":{"start":{"line":55,"column":33},"end":{"line":102,"column":5}}},"3":{"name":"(anonymous_3)","decl":{"start":{"line":104,"column":22},"end":{"line":104,"column":28}},"loc":{"start":{"line":104,"column":33},"end":{"line":152,"column":null}}},"4":{"name":"(anonymous_4)","decl":{"start":{"line":104,"column":33},"end":{"line":104,"column":null}},"loc":{"start":{"line":104,"column":33},"end":{"line":152,"column":7}}},"5":{"name":"(anonymous_5)","decl":{"start":{"line":168,"column":15},"end":{"line":168,"column":21}},"loc":{"start":{"line":168,"column":25},"end":{"line":187,"column":null}}},"6":{"name":"(anonymous_6)","decl":{"start":{"line":168,"column":25},"end":{"line":168,"column":null}},"loc":{"start":{"line":168,"column":25},"end":{"line":187,"column":7}}},"7":{"name":"(anonymous_7)","decl":{"start":{"line":45,"column":4},"end":{"line":45,"column":11}},"loc":{"start":{"line":45,"column":11},"end":{"line":48,"column":5}}},"8":{"name":"(anonymous_8)","decl":{"start":{"line":50,"column":4},"end":{"line":50,"column":11}},"loc":{"start":{"line":50,"column":11},"end":{"line":53,"column":7}}},"9":{"name":"(anonymous_9)","decl":{"start":{"line":154,"column":6},"end":{"line":154,"column":12}},"loc":{"start":{"line":154,"column":12},"end":{"line":158,"column":7}}},"10":{"name":"(anonymous_10)","decl":{"start":{"line":160,"column":6},"end":{"line":160,"column":15}},"loc":{"start":{"line":160,"column":15},"end":{"line":166,"column":7}}},"11":{"name":"(anonymous_11)","decl":{"start":{"line":161,"column":157},"end":{"line":161,"column":158}},"loc":{"start":{"line":161,"column":169},"end":{"line":164,"column":9}}}},"branchMap":{"0":{"loc":{"start":{"line":62,"column":6},"end":{"line":65,"column":null}},"type":"if","locations":[{"start":{"line":62,"column":6},"end":{"line":65,"column":null}}]},"1":{"loc":{"start":{"line":62,"column":9},"end":{"line":62,"column":69}},"type":"binary-expr","locations":[{"start":{"line":62,"column":9},"end":{"line":62,"column":31}},{"start":{"line":62,"column":35},"end":{"line":62,"column":69}}]},"2":{"loc":{"start":{"line":72,"column":6},"end":{"line":74,"column":null}},"type":"if","locations":[{"start":{"line":72,"column":6},"end":{"line":74,"column":null}}]},"3":{"loc":{"start":{"line":87,"column":6},"end":{"line":91,"column":null}},"type":"if","locations":[{"start":{"line":87,"column":6},"end":{"line":91,"column":null}},{"start":{"line":89,"column":13},"end":{"line":91,"column":null}}]},"4":{"loc":{"start":{"line":112,"column":8},"end":{"line":115,"column":null}},"type":"if","locations":[{"start":{"line":112,"column":8},"end":{"line":115,"column":null}}]},"5":{"loc":{"start":{"line":112,"column":11},"end":{"line":112,"column":71}},"type":"binary-expr","locations":[{"start":{"line":112,"column":11},"end":{"line":112,"column":33}},{"start":{"line":112,"column":37},"end":{"line":112,"column":71}}]},"6":{"loc":{"start":{"line":122,"column":8},"end":{"line":124,"column":null}},"type":"if","locations":[{"start":{"line":122,"column":8},"end":{"line":124,"column":null}}]},"7":{"loc":{"start":{"line":137,"column":8},"end":{"line":141,"column":null}},"type":"if","locations":[{"start":{"line":137,"column":8},"end":{"line":141,"column":null}},{"start":{"line":139,"column":15},"end":{"line":141,"column":null}}]},"8":{"loc":{"start":{"line":174,"column":8},"end":{"line":177,"column":null}},"type":"if","locations":[{"start":{"line":174,"column":8},"end":{"line":177,"column":null}}]},"9":{"loc":{"start":{"line":174,"column":11},"end":{"line":174,"column":71}},"type":"binary-expr","locations":[{"start":{"line":174,"column":11},"end":{"line":174,"column":33}},{"start":{"line":174,"column":37},"end":{"line":174,"column":71}}]}},"s":{"0":1,"1":1,"2":1,"3":6,"4":6,"5":6,"6":6,"7":6,"8":6,"9":6,"10":6,"11":6,"12":6,"13":6,"14":6,"15":6,"16":6,"17":6,"18":6,"19":6,"20":6,"21":6,"22":6,"23":6,"24":6,"25":6,"26":6,"27":6,"28":6,"29":6,"30":0,"31":0,"32":0,"33":0,"34":0,"35":0,"36":0,"37":0,"38":0,"39":0,"40":0,"41":0,"42":0,"43":0,"44":0,"45":0,"46":0,"47":0,"48":0,"49":0,"50":0,"51":0,"52":0,"53":0,"54":0,"55":0,"56":0,"57":0,"58":0,"59":0,"60":0,"61":0,"62":6,"63":0,"64":0,"65":0,"66":0,"67":0,"68":0,"69":0,"70":0,"71":0,"72":0,"73":0,"74":0,"75":0,"76":0,"77":0,"78":0,"79":0,"80":0,"81":0,"82":0,"83":0,"84":0,"85":0,"86":0,"87":0,"88":0,"89":0,"90":0,"91":0,"92":0,"93":0,"94":0,"95":6,"96":3,"97":3,"98":3,"99":3,"100":3,"101":1,"102":1,"103":2,"104":2,"105":2,"106":2,"107":2,"108":2,"109":0,"110":0,"111":0,"112":0,"113":0,"114":0,"115":0,"116":0,"117":0,"118":0,"119":0,"120":1,"121":1},"f":{"0":6,"1":0,"2":0,"3":0,"4":0,"5":3,"6":3,"7":0,"8":0,"9":0,"10":0,"11":0},"b":{"0":[0],"1":[0,0],"2":[0],"3":[0,0],"4":[0],"5":[0,0],"6":[0],"7":[0,0],"8":[1],"9":[3,2]}}
,"/home/daniel/sytw/front/Proyecto_sytw/src/app/home/home.component.html": {"path":"/home/daniel/sytw/front/Proyecto_sytw/src/app/home/home.component.html","statementMap":{"0":{"start":{"line":1,"column":0},"end":{"line":1,"column":1686}}},"fnMap":{},"branchMap":{},"s":{"0":1},"f":{},"b":{},"_coverageSchema":"1a1c01bbd47fc00a2c39e90264f33305004495a9","hash":"bc864d08401145de59326f4168022b8ac8ac26c2"}
,"/home/daniel/sytw/front/Proyecto_sytw/src/app/home/home.component.ts": {"path":"/home/daniel/sytw/front/Proyecto_sytw/src/app/home/home.component.ts","statementMap":{"0":{"start":{"line":1,"column":0},"end":{"line":1,"column":42}},"1":{"start":{"line":8,"column":7},"end":{"line":10,"column":null}},"2":{"start":{"line":8,"column":13},"end":{"line":10,"column":null}},"3":{"start":{"line":8,"column":13},"end":{"line":8,"column":26}}},"fnMap":{},"branchMap":{},"s":{"0":1,"1":1,"2":1,"3":1},"f":{},"b":{}}
,"/home/daniel/sytw/front/Proyecto_sytw/src/app/login/login.component.html": {"path":"/home/daniel/sytw/front/Proyecto_sytw/src/app/login/login.component.html","statementMap":{"0":{"start":{"line":1,"column":0},"end":{"line":1,"column":974}}},"fnMap":{},"branchMap":{},"s":{"0":1},"f":{},"b":{},"_coverageSchema":"1a1c01bbd47fc00a2c39e90264f33305004495a9","hash":"7b24d9d9c4b671d3c18fefcf9b74046d1d161682"}
,"/home/daniel/sytw/front/Proyecto_sytw/src/app/login/login.component.ts": {"path":"/home/daniel/sytw/front/Proyecto_sytw/src/app/login/login.component.ts","statementMap":{"0":{"start":{"line":1,"column":0},"end":{"line":1,"column":42}},"1":{"start":{"line":2,"column":0},"end":{"line":2,"column":43}},"2":{"start":{"line":3,"column":0},"end":{"line":3,"column":56}},"3":{"start":{"line":17,"column":21},"end":{"line":17,"column":45}},"4":{"start":{"line":17,"column":55},"end":{"line":17,"column":73}},"5":{"start":{"line":12,"column":2},"end":{"line":15,"column":4}},"6":{"start":{"line":25,"column":4},"end":{"line":25,"column":null}},"7":{"start":{"line":26,"column":4},"end":{"line":39,"column":7}},"8":{"start":{"line":27,"column":6},"end":{"line":27,"column":23}},"9":{"start":{"line":29,"column":6},"end":{"line":29,"column":43}},"10":{"start":{"line":30,"column":6},"end":{"line":30,"column":49}},"11":{"start":{"line":31,"column":6},"end":{"line":31,"column":53}},"12":{"start":{"line":32,"column":6},"end":{"line":32,"column":49}},"13":{"start":{"line":34,"column":20},"end":{"line":34,"column":46}},"14":{"start":{"line":35,"column":8},"end":{"line":37,"column":9}},"15":{"start":{"line":36,"column":8},"end":{"line":36,"column":28}},"16":{"start":{"line":38,"column":6},"end":{"line":38,"column":27}},"17":{"start":{"line":10,"column":13},"end":{"line":41,"column":null}},"18":{"start":{"line":10,"column":13},"end":{"line":10,"column":27}}},"fnMap":{"0":{"name":"(anonymous_0)","decl":{"start":{"line":17,"column":2},"end":{"line":17,"column":21}},"loc":{"start":{"line":17,"column":73},"end":{"line":17,"column":78}}},"1":{"name":"(anonymous_1)","decl":{"start":{"line":20,"column":2},"end":{"line":20,"column":10}},"loc":{"start":{"line":20,"column":10},"end":{"line":22,"column":3}}},"2":{"name":"(anonymous_2)","decl":{"start":{"line":24,"column":2},"end":{"line":24,"column":7}},"loc":{"start":{"line":24,"column":7},"end":{"line":40,"column":3}}},"3":{"name":"(anonymous_3)","decl":{"start":{"line":26,"column":77},"end":{"line":26,"column":78}},"loc":{"start":{"line":26,"column":89},"end":{"line":39,"column":5}}},"4":{"name":"(anonymous_4)","decl":{"start":{"line":35,"column":24},"end":{"line":35,"column":33}},"loc":{"start":{"line":35,"column":39},"end":{"line":37,"column":7}}}},"branchMap":{},"s":{"0":1,"1":1,"2":1,"3":3,"4":3,"5":3,"6":1,"7":1,"8":0,"9":0,"10":0,"11":0,"12":0,"13":0,"14":0,"15":0,"16":0,"17":1,"18":1},"f":{"0":3,"1":3,"2":1,"3":0,"4":0},"b":{}}
,"/home/daniel/sytw/front/Proyecto_sytw/src/app/pokedex/pokedex.component.html": {"path":"/home/daniel/sytw/front/Proyecto_sytw/src/app/pokedex/pokedex.component.html","statementMap":{"0":{"start":{"line":1,"column":0},"end":{"line":1,"column":3344}}},"fnMap":{},"branchMap":{},"s":{"0":1},"f":{},"b":{},"_coverageSchema":"1a1c01bbd47fc00a2c39e90264f33305004495a9","hash":"621c7fea4909a6e3f7848488dba7b9343c6aeff1"}
,"/home/daniel/sytw/front/Proyecto_sytw/src/app/pokedex/pokedex.component.ts": {"path":"/home/daniel/sytw/front/Proyecto_sytw/src/app/pokedex/pokedex.component.ts","statementMap":{"0":{"start":{"line":1,"column":0},"end":{"line":1,"column":42}},"1":{"start":{"line":2,"column":0},"end":{"line":2,"column":32}},"2":{"start":{"line":9,"column":7},"end":{"line":78,"column":null}},"3":{"start":{"line":11,"column":0},"end":{"line":11,"column":12}},"4":{"start":{"line":12,"column":0},"end":{"line":12,"column":12}},"5":{"start":{"line":13,"column":0},"end":{"line":13,"column":11}},"6":{"start":{"line":14,"column":0},"end":{"line":14,"column":7}},"7":{"start":{"line":16,"column":0},"end":{"line":16,"column":11}},"8":{"start":{"line":17,"column":0},"end":{"line":17,"column":13}},"9":{"start":{"line":18,"column":0},"end":{"line":18,"column":11}},"10":{"start":{"line":19,"column":0},"end":{"line":19,"column":11}},"11":{"start":{"line":20,"column":0},"end":{"line":20,"column":11}},"12":{"start":{"line":27,"column":0},"end":{"line":76,"column":null}},"13":{"start":{"line":27,"column":27},"end":{"line":76,"column":null}},"14":{"start":{"line":30,"column":2},"end":{"line":30,"column":22}},"15":{"start":{"line":32,"column":2},"end":{"line":32,"column":54}},"16":{"start":{"line":33,"column":19},"end":{"line":33,"column":40}},"17":{"start":{"line":35,"column":2},"end":{"line":38,"column":null}},"18":{"start":{"line":36,"column":4},"end":{"line":36,"column":null}},"19":{"start":{"line":37,"column":4},"end":{"line":37,"column":10}},"20":{"start":{"line":40,"column":18},"end":{"line":40,"column":39}},"21":{"start":{"line":42,"column":2},"end":{"line":42,"column":17}},"22":{"start":{"line":43,"column":2},"end":{"line":43,"column":29}},"23":{"start":{"line":44,"column":2},"end":{"line":44,"column":43}},"24":{"start":{"line":45,"column":2},"end":{"line":47,"column":null}},"25":{"start":{"line":46,"column":4},"end":{"line":46,"column":44}},"26":{"start":{"line":49,"column":2},"end":{"line":52,"column":null}},"27":{"start":{"line":49,"column":15},"end":{"line":49,"column":16}},"28":{"start":{"line":50,"column":4},"end":{"line":50,"column":47}},"29":{"start":{"line":51,"column":4},"end":{"line":51,"column":44}},"30":{"start":{"line":53,"column":2},"end":{"line":55,"column":null}},"31":{"start":{"line":53,"column":14},"end":{"line":53,"column":15}},"32":{"start":{"line":54,"column":4},"end":{"line":54,"column":45}},"33":{"start":{"line":57,"column":3},"end":{"line":57,"column":115}},"34":{"start":{"line":59,"column":3},"end":{"line":59,"column":96}},"35":{"start":{"line":60,"column":2},"end":{"line":64,"column":null}},"36":{"start":{"line":61,"column":5},"end":{"line":61,"column":98}},"37":{"start":{"line":63,"column":5},"end":{"line":63,"column":67}},"38":{"start":{"line":67,"column":2},"end":{"line":67,"column":67}},"39":{"start":{"line":68,"column":2},"end":{"line":68,"column":68}},"40":{"start":{"line":69,"column":2},"end":{"line":69,"column":68}},"41":{"start":{"line":70,"column":2},"end":{"line":70,"column":69}},"42":{"start":{"line":71,"column":2},"end":{"line":71,"column":69}},"43":{"start":{"line":72,"column":2},"end":{"line":72,"column":68}},"44":{"start":{"line":73,"column":2},"end":{"line":73,"column":78}},"45":{"start":{"line":75,"column":2},"end":{"line":75,"column":18}},"46":{"start":{"line":23,"column":2},"end":{"line":23,"column":73}},"47":{"start":{"line":24,"column":2},"end":{"line":24,"column":null}},"48":{"start":{"line":9,"column":13},"end":{"line":78,"column":null}},"49":{"start":{"line":9,"column":13},"end":{"line":9,"column":29}}},"fnMap":{"0":{"name":"(anonymous_0)","decl":{"start":{"line":9,"column":7},"end":{"line":9,"column":13}},"loc":{"start":{"line":9,"column":7},"end":{"line":78,"column":1}}},"1":{"name":"(anonymous_1)","decl":{"start":{"line":27,"column":17},"end":{"line":27,"column":23}},"loc":{"start":{"line":27,"column":27},"end":{"line":76,"column":null}}},"2":{"name":"(anonymous_2)","decl":{"start":{"line":27,"column":27},"end":{"line":27,"column":null}},"loc":{"start":{"line":27,"column":27},"end":{"line":76,"column":1}}},"3":{"name":"(anonymous_3)","decl":{"start":{"line":22,"column":0},"end":{"line":22,"column":6}},"loc":{"start":{"line":22,"column":6},"end":{"line":25,"column":1}}}},"branchMap":{"0":{"loc":{"start":{"line":35,"column":2},"end":{"line":38,"column":null}},"type":"if","locations":[{"start":{"line":35,"column":2},"end":{"line":38,"column":null}}]},"1":{"loc":{"start":{"line":35,"column":5},"end":{"line":35,"column":65}},"type":"binary-expr","locations":[{"start":{"line":35,"column":5},"end":{"line":35,"column":27}},{"start":{"line":35,"column":31},"end":{"line":35,"column":65}}]},"2":{"loc":{"start":{"line":45,"column":2},"end":{"line":47,"column":null}},"type":"if","locations":[{"start":{"line":45,"column":2},"end":{"line":47,"column":null}}]},"3":{"loc":{"start":{"line":60,"column":2},"end":{"line":64,"column":null}},"type":"if","locations":[{"start":{"line":60,"column":2},"end":{"line":64,"column":null}},{"start":{"line":62,"column":9},"end":{"line":64,"column":null}}]}},"s":{"0":1,"1":1,"2":1,"3":3,"4":3,"5":3,"6":3,"7":3,"8":3,"9":3,"10":3,"11":3,"12":3,"13":0,"14":0,"15":0,"16":0,"17":0,"18":0,"19":0,"20":0,"21":0,"22":0,"23":0,"24":0,"25":0,"26":0,"27":0,"28":0,"29":0,"30":0,"31":0,"32":0,"33":0,"34":0,"35":0,"36":0,"37":0,"38":0,"39":0,"40":0,"41":0,"42":0,"43":0,"44":0,"45":0,"46":0,"47":0,"48":1,"49":1},"f":{"0":3,"1":0,"2":0,"3":0},"b":{"0":[0],"1":[0,0],"2":[0],"3":[0,0]}}
,"/home/daniel/sytw/front/Proyecto_sytw/src/app/profile/profile.component.html": {"path":"/home/daniel/sytw/front/Proyecto_sytw/src/app/profile/profile.component.html","statementMap":{"0":{"start":{"line":1,"column":0},"end":{"line":1,"column":3137}}},"fnMap":{},"branchMap":{},"s":{"0":1},"f":{},"b":{},"_coverageSchema":"1a1c01bbd47fc00a2c39e90264f33305004495a9","hash":"0ec4a2554d5c69bb54747bcee2906cf90caa9686"}
,"/home/daniel/sytw/front/Proyecto_sytw/src/app/profile/profile.component.ts": {"path":"/home/daniel/sytw/front/Proyecto_sytw/src/app/profile/profile.component.ts","statementMap":{"0":{"start":{"line":1,"column":0},"end":{"line":1,"column":42}},"1":{"start":{"line":2,"column":0},"end":{"line":2,"column":56}},"2":{"start":{"line":3,"column":0},"end":{"line":3,"column":32}},"3":{"start":{"line":23,"column":20},"end":{"line":23,"column":44}},"4":{"start":{"line":13,"column":4},"end":{"line":13,"column":17}},"5":{"start":{"line":14,"column":4},"end":{"line":14,"column":17}},"6":{"start":{"line":15,"column":4},"end":{"line":15,"column":17}},"7":{"start":{"line":16,"column":4},"end":{"line":16,"column":17}},"8":{"start":{"line":17,"column":4},"end":{"line":17,"column":17}},"9":{"start":{"line":18,"column":4},"end":{"line":18,"column":17}},"10":{"start":{"line":19,"column":4},"end":{"line":19,"column":15}},"11":{"start":{"line":20,"column":4},"end":{"line":20,"column":20}},"12":{"start":{"line":58,"column":0},"end":{"line":116,"column":null}},"13":{"start":{"line":58,"column":27},"end":{"line":116,"column":null}},"14":{"start":{"line":60,"column":12},"end":{"line":60,"column":30}},"15":{"start":{"line":61,"column":4},"end":{"line":61,"column":19}},"16":{"start":{"line":63,"column":4},"end":{"line":63,"column":56}},"17":{"start":{"line":64,"column":21},"end":{"line":64,"column":42}},"18":{"start":{"line":66,"column":4},"end":{"line":69,"column":null}},"19":{"start":{"line":67,"column":8},"end":{"line":67,"column":null}},"20":{"start":{"line":68,"column":8},"end":{"line":68,"column":14}},"21":{"start":{"line":71,"column":20},"end":{"line":71,"column":41}},"22":{"start":{"line":73,"column":4},"end":{"line":77,"column":null}},"23":{"start":{"line":74,"column":8},"end":{"line":74,"column":81}},"24":{"start":{"line":76,"column":8},"end":{"line":76,"column":27}},"25":{"start":{"line":78,"column":4},"end":{"line":78,"column":29}},"26":{"start":{"line":79,"column":4},"end":{"line":113,"column":null}},"27":{"start":{"line":81,"column":12},"end":{"line":81,"column":40}},"28":{"start":{"line":82,"column":12},"end":{"line":82,"column":38}},"29":{"start":{"line":83,"column":13},"end":{"line":83,"column":126}},"30":{"start":{"line":84,"column":12},"end":{"line":84,"column":18}},"31":{"start":{"line":87,"column":12},"end":{"line":87,"column":40}},"32":{"start":{"line":88,"column":13},"end":{"line":88,"column":126}},"33":{"start":{"line":89,"column":12},"end":{"line":89,"column":18}},"34":{"start":{"line":92,"column":12},"end":{"line":92,"column":40}},"35":{"start":{"line":93,"column":13},"end":{"line":93,"column":126}},"36":{"start":{"line":94,"column":12},"end":{"line":94,"column":18}},"37":{"start":{"line":97,"column":12},"end":{"line":97,"column":40}},"38":{"start":{"line":98,"column":13},"end":{"line":98,"column":126}},"39":{"start":{"line":99,"column":12},"end":{"line":99,"column":18}},"40":{"start":{"line":102,"column":12},"end":{"line":102,"column":40}},"41":{"start":{"line":103,"column":13},"end":{"line":103,"column":126}},"42":{"start":{"line":104,"column":12},"end":{"line":104,"column":18}},"43":{"start":{"line":107,"column":12},"end":{"line":107,"column":40}},"44":{"start":{"line":108,"column":13},"end":{"line":108,"column":126}},"45":{"start":{"line":109,"column":12},"end":{"line":109,"column":18}},"46":{"start":{"line":112,"column":12},"end":{"line":112,"column":18}},"47":{"start":{"line":26,"column":18},"end":{"line":26,"column":44}},"48":{"start":{"line":27,"column":15},"end":{"line":27,"column":66}},"49":{"start":{"line":27,"column":38},"end":{"line":27,"column":65}},"50":{"start":{"line":28,"column":4},"end":{"line":28,"column":null}},"51":{"start":{"line":29,"column":4},"end":{"line":29,"column":29}},"52":{"start":{"line":30,"column":4},"end":{"line":39,"column":null}},"53":{"start":{"line":31,"column":20},"end":{"line":31,"column":35}},"54":{"start":{"line":32,"column":8},"end":{"line":36,"column":null}},"55":{"start":{"line":32,"column":21},"end":{"line":32,"column":22}},"56":{"start":{"line":33,"column":12},"end":{"line":35,"column":null}},"57":{"start":{"line":34,"column":16},"end":{"line":34,"column":65}},"58":{"start":{"line":38,"column":8},"end":{"line":38,"column":40}},"59":{"start":{"line":43,"column":4},"end":{"line":43,"column":78}},"60":{"start":{"line":44,"column":4},"end":{"line":44,"column":null}},"61":{"start":{"line":48,"column":18},"end":{"line":48,"column":44}},"62":{"start":{"line":49,"column":13},"end":{"line":49,"column":62}},"63":{"start":{"line":49,"column":36},"end":{"line":49,"column":61}},"64":{"start":{"line":50,"column":4},"end":{"line":50,"column":25}},"65":{"start":{"line":51,"column":4},"end":{"line":51,"column":20}},"66":{"start":{"line":52,"column":15},"end":{"line":52,"column":99}},"67":{"start":{"line":53,"column":4},"end":{"line":53,"column":22}},"68":{"start":{"line":54,"column":4},"end":{"line":56,"column":7}},"69":{"start":{"line":55,"column":6},"end":{"line":55,"column":23}},"70":{"start":{"line":10,"column":13},"end":{"line":117,"column":null}},"71":{"start":{"line":10,"column":13},"end":{"line":10,"column":29}}},"fnMap":{"0":{"name":"(anonymous_0)","decl":{"start":{"line":23,"column":0},"end":{"line":23,"column":20}},"loc":{"start":{"line":23,"column":44},"end":{"line":23,"column":49}}},"1":{"name":"(anonymous_1)","decl":{"start":{"line":58,"column":17},"end":{"line":58,"column":23}},"loc":{"start":{"line":58,"column":27},"end":{"line":116,"column":null}}},"2":{"name":"(anonymous_2)","decl":{"start":{"line":58,"column":27},"end":{"line":58,"column":null}},"loc":{"start":{"line":58,"column":27},"end":{"line":116,"column":3}}},"3":{"name":"(anonymous_3)","decl":{"start":{"line":25,"column":0},"end":{"line":25,"column":9}},"loc":{"start":{"line":25,"column":9},"end":{"line":40,"column":1}}},"4":{"name":"(anonymous_4)","decl":{"start":{"line":27,"column":28},"end":{"line":27,"column":34}},"loc":{"start":{"line":27,"column":38},"end":{"line":27,"column":65}}},"5":{"name":"(anonymous_5)","decl":{"start":{"line":42,"column":0},"end":{"line":42,"column":6}},"loc":{"start":{"line":42,"column":6},"end":{"line":45,"column":3}}},"6":{"name":"(anonymous_6)","decl":{"start":{"line":47,"column":0},"end":{"line":47,"column":9}},"loc":{"start":{"line":47,"column":9},"end":{"line":57,"column":1}}},"7":{"name":"(anonymous_7)","decl":{"start":{"line":49,"column":26},"end":{"line":49,"column":32}},"loc":{"start":{"line":49,"column":36},"end":{"line":49,"column":61}}},"8":{"name":"(anonymous_8)","decl":{"start":{"line":54,"column":51},"end":{"line":54,"column":52}},"loc":{"start":{"line":54,"column":63},"end":{"line":56,"column":5}}}},"branchMap":{"0":{"loc":{"start":{"line":66,"column":4},"end":{"line":69,"column":null}},"type":"if","locations":[{"start":{"line":66,"column":4},"end":{"line":69,"column":null}}]},"1":{"loc":{"start":{"line":66,"column":7},"end":{"line":66,"column":67}},"type":"binary-expr","locations":[{"start":{"line":66,"column":7},"end":{"line":66,"column":29}},{"start":{"line":66,"column":33},"end":{"line":66,"column":67}}]},"2":{"loc":{"start":{"line":73,"column":4},"end":{"line":77,"column":null}},"type":"if","locations":[{"start":{"line":73,"column":4},"end":{"line":77,"column":null}},{"start":{"line":75,"column":11},"end":{"line":77,"column":null}}]},"3":{"loc":{"start":{"line":79,"column":4},"end":{"line":113,"column":null}},"type":"switch","locations":[{"start":{"line":80,"column":8},"end":{"line":84,"column":18}},{"start":{"line":86,"column":8},"end":{"line":89,"column":18}},{"start":{"line":91,"column":8},"end":{"line":94,"column":18}},{"start":{"line":96,"column":8},"end":{"line":99,"column":18}},{"start":{"line":101,"column":8},"end":{"line":104,"column":18}},{"start":{"line":106,"column":8},"end":{"line":109,"column":18}},{"start":{"line":111,"column":8},"end":{"line":112,"column":18}}]},"4":{"loc":{"start":{"line":30,"column":4},"end":{"line":39,"column":null}},"type":"if","locations":[{"start":{"line":30,"column":4},"end":{"line":39,"column":null}},{"start":{"line":37,"column":9},"end":{"line":39,"column":null}}]},"5":{"loc":{"start":{"line":33,"column":12},"end":{"line":35,"column":null}},"type":"if","locations":[{"start":{"line":33,"column":12},"end":{"line":35,"column":null}}]}},"s":{"0":1,"1":1,"2":1,"3":4,"4":4,"5":4,"6":4,"7":4,"8":4,"9":4,"10":4,"11":4,"12":4,"13":0,"14":0,"15":0,"16":0,"17":0,"18":0,"19":0,"20":0,"21":0,"22":0,"23":0,"24":0,"25":0,"26":0,"27":0,"28":0,"29":0,"30":0,"31":0,"32":0,"33":0,"34":0,"35":0,"36":0,"37":0,"38":0,"39":0,"40":0,"41":0,"42":0,"43":0,"44":0,"45":0,"46":0,"47":0,"48":0,"49":0,"50":0,"51":0,"52":0,"53":0,"54":0,"55":0,"56":0,"57":0,"58":0,"59":0,"60":0,"61":0,"62":0,"63":0,"64":0,"65":0,"66":0,"67":0,"68":0,"69":0,"70":1,"71":1},"f":{"0":4,"1":0,"2":0,"3":0,"4":0,"5":0,"6":0,"7":0,"8":0},"b":{"0":[0],"1":[0,0],"2":[0,0],"3":[0,0,0,0,0,0,0],"4":[0,0],"5":[0]}}
,"/home/daniel/sytw/front/Proyecto_sytw/src/app/register/register.component.html": {"path":"/home/daniel/sytw/front/Proyecto_sytw/src/app/register/register.component.html","statementMap":{"0":{"start":{"line":1,"column":0},"end":{"line":1,"column":957}}},"fnMap":{},"branchMap":{},"s":{"0":1},"f":{},"b":{},"_coverageSchema":"1a1c01bbd47fc00a2c39e90264f33305004495a9","hash":"6c2ddb444b8c5cc5e8e8a08754a486c0225871a0"}
,"/home/daniel/sytw/front/Proyecto_sytw/src/app/register/register.component.ts": {"path":"/home/daniel/sytw/front/Proyecto_sytw/src/app/register/register.component.ts","statementMap":{"0":{"start":{"line":1,"column":0},"end":{"line":1,"column":42}},"1":{"start":{"line":2,"column":0},"end":{"line":2,"column":41}},"2":{"start":{"line":3,"column":0},"end":{"line":3,"column":56}},"3":{"start":{"line":16,"column":21},"end":{"line":16,"column":45}},"4":{"start":{"line":16,"column":54},"end":{"line":16,"column":68}},"5":{"start":{"line":11,"column":2},"end":{"line":14,"column":4}},"6":{"start":{"line":24,"column":4},"end":{"line":24,"column":null}},"7":{"start":{"line":25,"column":4},"end":{"line":27,"column":7}},"8":{"start":{"line":26,"column":6},"end":{"line":26,"column":23}},"9":{"start":{"line":28,"column":4},"end":{"line":28,"column":37}},"10":{"start":{"line":10,"column":13},"end":{"line":31,"column":null}},"11":{"start":{"line":10,"column":13},"end":{"line":10,"column":30}}},"fnMap":{"0":{"name":"(anonymous_0)","decl":{"start":{"line":16,"column":2},"end":{"line":16,"column":21}},"loc":{"start":{"line":16,"column":68},"end":{"line":16,"column":73}}},"1":{"name":"(anonymous_1)","decl":{"start":{"line":19,"column":2},"end":{"line":19,"column":10}},"loc":{"start":{"line":19,"column":10},"end":{"line":21,"column":3}}},"2":{"name":"(anonymous_2)","decl":{"start":{"line":23,"column":2},"end":{"line":23,"column":10}},"loc":{"start":{"line":23,"column":10},"end":{"line":29,"column":3}}},"3":{"name":"(anonymous_3)","decl":{"start":{"line":25,"column":80},"end":{"line":25,"column":81}},"loc":{"start":{"line":25,"column":92},"end":{"line":27,"column":5}}}},"branchMap":{},"s":{"0":1,"1":1,"2":1,"3":2,"4":2,"5":2,"6":1,"7":1,"8":0,"9":1,"10":1,"11":1},"f":{"0":2,"1":2,"2":1,"3":0},"b":{}}
}
