TN:
SF:src/app/app.component.html
FNF:0
FNH:0
DA:1,1
LF:1
LH:1
BRF:0
BRH:0
end_of_record
TN:
SF:src/app/app.component.ts
FN:8,(anonymous_0)
FN:12,(anonymous_1)
FN:14,(anonymous_2)
FN:16,(anonymous_3)
FNF:4
FNH:1
FNDA:2,(anonymous_0)
FNDA:0,(anonymous_1)
FNDA:0,(anonymous_2)
FNDA:0,(anonymous_3)
DA:1,1
DA:8,1
DA:9,2
DA:10,2
DA:13,0
DA:14,0
DA:15,0
DA:16,0
DA:17,0
DA:18,0
LF:10
LH:4
BRDA:17,0,0,0
BRF:1
BRH:0
end_of_record
TN:
SF:src/app/_guards/auth.guard.ts
FN:9,(anonymous_0)
FN:13,(anonymous_1)
FNF:2
FNH:1
FNDA:1,(anonymous_0)
FNDA:0,(anonymous_1)
DA:1,1
DA:2,1
DA:3,1
DA:8,1
DA:10,1
DA:11,1
DA:14,0
DA:15,0
DA:16,0
DA:17,0
DA:19,0
LF:11
LH:6
BRDA:14,0,0,0
BRDA:14,0,1,0
BRF:2
BRH:0
end_of_record
TN:
SF:src/app/_services/auth.service.ts
FN:19,(anonymous_0)
FN:23,(anonymous_1)
FN:26,(anonymous_2)
FN:29,(anonymous_3)
FN:32,(anonymous_4)
FN:35,(anonymous_5)
FN:45,(anonymous_6)
FN:47,(anonymous_7)
FNF:8
FNH:3
FNDA:17,(anonymous_0)
FNDA:1,(anonymous_1)
FNDA:1,(anonymous_2)
FNDA:0,(anonymous_3)
FNDA:0,(anonymous_4)
FNDA:0,(anonymous_5)
FNDA:0,(anonymous_6)
FNDA:0,(anonymous_7)
DA:1,6
DA:2,6
DA:4,6
DA:6,6
DA:14,6
DA:17,17
DA:20,17
DA:21,17
DA:24,1
DA:27,1
DA:30,0
DA:33,0
DA:34,0
DA:35,0
DA:36,0
DA:37,0
DA:38,0
DA:39,0
DA:41,0
DA:46,0
DA:47,0
DA:48,0
DA:49,0
DA:51,0
DA:53,0
DA:54,0
DA:56,0
LF:27
LH:10
BRDA:33,0,0,0
BRDA:33,0,1,0
BRDA:48,1,0,0
BRDA:48,1,1,0
BRDA:53,2,0,0
BRDA:53,2,1,0
BRDA:53,3,0,0
BRDA:53,3,1,0
BRF:8
BRH:0
end_of_record
TN:
SF:src/app/_services/token-interceptor.service.ts
FN:22,(anonymous_0)
FN:11,(anonymous_1)
FNF:2
FNH:1
FNDA:1,(anonymous_0)
FNDA:0,(anonymous_1)
DA:2,1
DA:8,1
DA:13,0
DA:14,0
DA:19,0
LF:5
LH:2
BRF:0
BRH:0
end_of_record
TN:
SF:src/app/calculator/calculator.component.html
FNF:0
FNH:0
DA:1,1
LF:1
LH:1
BRF:0
BRH:0
end_of_record
TN:
SF:src/app/calculator/calculator.component.ts
FN:43,(anonymous_0)
FN:55,(anonymous_1)
FN:55,(anonymous_2)
FN:104,(anonymous_3)
FN:104,(anonymous_4)
FN:168,(anonymous_5)
FN:168,(anonymous_6)
FN:45,(anonymous_7)
FN:50,(anonymous_8)
FN:154,(anonymous_9)
FN:160,(anonymous_10)
FN:161,(anonymous_11)
FNF:12
FNH:3
FNDA:6,(anonymous_0)
FNDA:0,(anonymous_1)
FNDA:0,(anonymous_2)
FNDA:0,(anonymous_3)
FNDA:0,(anonymous_4)
FNDA:3,(anonymous_5)
FNDA:3,(anonymous_6)
FNDA:0,(anonymous_7)
FNDA:0,(anonymous_8)
FNDA:0,(anonymous_9)
FNDA:0,(anonymous_10)
FNDA:0,(anonymous_11)
DA:1,1
DA:2,1
DA:3,1
DA:10,1
DA:13,6
DA:14,6
DA:15,6
DA:16,6
DA:18,6
DA:19,6
DA:20,6
DA:21,6
DA:22,6
DA:24,6
DA:25,6
DA:26,6
DA:27,6
DA:29,6
DA:30,6
DA:31,6
DA:32,6
DA:33,6
DA:35,6
DA:36,6
DA:37,6
DA:38,6
DA:39,6
DA:40,6
DA:41,6
DA:43,6
DA:46,0
DA:47,0
DA:51,0
DA:52,0
DA:55,6
DA:57,0
DA:59,0
DA:60,0
DA:62,0
DA:63,0
DA:64,0
DA:67,0
DA:69,0
DA:70,0
DA:71,0
DA:72,0
DA:73,0
DA:76,0
DA:77,0
DA:78,0
DA:80,0
DA:81,0
DA:84,0
DA:86,0
DA:87,0
DA:88,0
DA:90,0
DA:94,0
DA:95,0
DA:96,0
DA:97,0
DA:98,0
DA:99,0
DA:100,0
DA:104,6
DA:107,0
DA:109,0
DA:110,0
DA:112,0
DA:113,0
DA:114,0
DA:117,0
DA:119,0
DA:120,0
DA:121,0
DA:122,0
DA:123,0
DA:126,0
DA:127,0
DA:128,0
DA:130,0
DA:131,0
DA:134,0
DA:136,0
DA:137,0
DA:138,0
DA:140,0
DA:144,0
DA:145,0
DA:146,0
DA:147,0
DA:148,0
DA:149,0
DA:150,0
DA:155,0
DA:156,0
DA:157,0
DA:161,0
DA:162,0
DA:163,0
DA:165,0
DA:168,6
DA:169,3
DA:171,3
DA:172,3
DA:174,3
DA:175,1
DA:176,1
DA:179,2
DA:181,2
DA:182,2
DA:183,2
DA:184,2
DA:186,2
LF:114
LH:45
BRDA:62,0,0,0
BRDA:62,1,0,0
BRDA:62,1,1,0
BRDA:72,2,0,0
BRDA:87,3,0,0
BRDA:87,3,1,0
BRDA:112,4,0,0
BRDA:112,5,0,0
BRDA:112,5,1,0
BRDA:122,6,0,0
BRDA:137,7,0,0
BRDA:137,7,1,0
BRDA:174,8,0,1
BRDA:174,9,0,3
BRDA:174,9,1,2
BRF:15
BRH:3
end_of_record
TN:
SF:src/app/home/home.component.html
FNF:0
FNH:0
DA:1,1
LF:1
LH:1
BRF:0
BRH:0
end_of_record
TN:
SF:src/app/home/home.component.ts
FNF:0
FNH:0
DA:1,1
DA:8,1
LF:2
LH:2
BRF:0
BRH:0
end_of_record
TN:
SF:src/app/login/login.component.html
FNF:0
FNH:0
DA:1,1
LF:1
LH:1
BRF:0
BRH:0
end_of_record
TN:
SF:src/app/login/login.component.ts
FN:17,(anonymous_0)
FN:20,(anonymous_1)
FN:24,(anonymous_2)
FN:26,(anonymous_3)
FN:35,(anonymous_4)
FNF:5
FNH:3
FNDA:3,(anonymous_0)
FNDA:3,(anonymous_1)
FNDA:1,(anonymous_2)
FNDA:0,(anonymous_3)
FNDA:0,(anonymous_4)
DA:1,1
DA:2,1
DA:3,1
DA:10,1
DA:12,3
DA:17,3
DA:25,1
DA:26,1
DA:27,0
DA:29,0
DA:30,0
DA:31,0
DA:32,0
DA:34,0
DA:35,0
DA:36,0
DA:38,0
LF:17
LH:8
BRF:0
BRH:0
end_of_record
TN:
SF:src/app/pokedex/pokedex.component.html
FNF:0
FNH:0
DA:1,1
LF:1
LH:1
BRF:0
BRH:0
end_of_record
TN:
SF:src/app/pokedex/pokedex.component.ts
FN:9,(anonymous_0)
FN:27,(anonymous_1)
FN:27,(anonymous_2)
FN:22,(anonymous_3)
FNF:4
FNH:1
FNDA:3,(anonymous_0)
FNDA:0,(anonymous_1)
FNDA:0,(anonymous_2)
FNDA:0,(anonymous_3)
DA:1,1
DA:2,1
DA:9,1
DA:11,3
DA:12,3
DA:13,3
DA:14,3
DA:16,3
DA:17,3
DA:18,3
DA:19,3
DA:20,3
DA:23,0
DA:24,0
DA:27,3
DA:30,0
DA:32,0
DA:33,0
DA:35,0
DA:36,0
DA:37,0
DA:40,0
DA:42,0
DA:43,0
DA:44,0
DA:45,0
DA:46,0
DA:49,0
DA:50,0
DA:51,0
DA:53,0
DA:54,0
DA:57,0
DA:59,0
DA:60,0
DA:61,0
DA:63,0
DA:67,0
DA:68,0
DA:69,0
DA:70,0
DA:71,0
DA:72,0
DA:73,0
DA:75,0
LF:45
LH:13
BRDA:35,0,0,0
BRDA:35,1,0,0
BRDA:35,1,1,0
BRDA:45,2,0,0
BRDA:60,3,0,0
BRDA:60,3,1,0
BRF:6
BRH:0
end_of_record
TN:
SF:src/app/profile/profile.component.html
FNF:0
FNH:0
DA:1,1
LF:1
LH:1
BRF:0
BRH:0
end_of_record
TN:
SF:src/app/profile/profile.component.ts
FN:23,(anonymous_0)
FN:58,(anonymous_1)
FN:58,(anonymous_2)
FN:25,(anonymous_3)
FN:27,(anonymous_4)
FN:42,(anonymous_5)
FN:47,(anonymous_6)
FN:49,(anonymous_7)
FN:54,(anonymous_8)
FNF:9
FNH:1
FNDA:4,(anonymous_0)
FNDA:0,(anonymous_1)
FNDA:0,(anonymous_2)
FNDA:0,(anonymous_3)
FNDA:0,(anonymous_4)
FNDA:0,(anonymous_5)
FNDA:0,(anonymous_6)
FNDA:0,(anonymous_7)
FNDA:0,(anonymous_8)
DA:1,1
DA:2,1
DA:3,1
DA:10,1
DA:13,4
DA:14,4
DA:15,4
DA:16,4
DA:17,4
DA:18,4
DA:19,4
DA:20,4
DA:23,4
DA:26,0
DA:27,0
DA:28,0
DA:29,0
DA:30,0
DA:31,0
DA:32,0
DA:33,0
DA:34,0
DA:38,0
DA:43,0
DA:44,0
DA:48,0
DA:49,0
DA:50,0
DA:51,0
DA:52,0
DA:53,0
DA:54,0
DA:55,0
DA:58,4
DA:60,0
DA:61,0
DA:63,0
DA:64,0
DA:66,0
DA:67,0
DA:68,0
DA:71,0
DA:73,0
DA:74,0
DA:76,0
DA:78,0
DA:79,0
DA:81,0
DA:82,0
DA:83,0
DA:84,0
DA:87,0
DA:88,0
DA:89,0
DA:92,0
DA:93,0
DA:94,0
DA:97,0
DA:98,0
DA:99,0
DA:102,0
DA:103,0
DA:104,0
DA:107,0
DA:108,0
DA:109,0
DA:112,0
LF:67
LH:14
BRDA:66,0,0,0
BRDA:66,1,0,0
BRDA:66,1,1,0
BRDA:73,2,0,0
BRDA:73,2,1,0
BRDA:79,3,0,0
BRDA:79,3,1,0
BRDA:79,3,2,0
BRDA:79,3,3,0
BRDA:79,3,4,0
BRDA:79,3,5,0
BRDA:79,3,6,0
BRDA:30,4,0,0
BRDA:30,4,1,0
BRDA:33,5,0,0
BRF:15
BRH:0
end_of_record
TN:
SF:src/app/register/register.component.html
FNF:0
FNH:0
DA:1,1
LF:1
LH:1
BRF:0
BRH:0
end_of_record
TN:
SF:src/app/register/register.component.ts
FN:16,(anonymous_0)
FN:19,(anonymous_1)
FN:23,(anonymous_2)
FN:25,(anonymous_3)
FNF:4
FNH:3
FNDA:2,(anonymous_0)
FNDA:2,(anonymous_1)
FNDA:1,(anonymous_2)
FNDA:0,(anonymous_3)
DA:1,1
DA:2,1
DA:3,1
DA:10,1
DA:11,2
DA:16,2
DA:24,1
DA:25,1
DA:26,0
DA:28,1
LF:10
LH:9
BRF:0
BRH:0
end_of_record
