TN:
SF:backend/src/routers/usuarioRouters/postDamage.ts
FN:9,(anonymous_6)
FN:35,(anonymous_7)
FN:55,(anonymous_8)
FN:72,(anonymous_9)
FN:85,(anonymous_10)
FN:93,(anonymous_11)
FNF:6
FNH:5
FNDA:0,(anonymous_6)
FNDA:1,(anonymous_7)
FNDA:5,(anonymous_8)
FNDA:2,(anonymous_9)
FNDA:5,(anonymous_10)
FNDA:47,(anonymous_11)
DA:1,1
DA:4,1
DA:6,1
DA:9,1
DA:11,0
DA:12,0
DA:14,0
DA:15,0
DA:16,0
DA:17,0
DA:18,0
DA:19,0
DA:20,0
DA:21,0
DA:22,0
DA:23,0
DA:24,0
DA:26,0
DA:27,0
DA:29,0
DA:31,0
DA:35,1
DA:36,1
DA:37,1
DA:38,1
DA:39,1
DA:40,1
DA:41,1
DA:42,1
DA:43,1
DA:44,1
DA:45,1
DA:46,1
DA:47,1
DA:48,1
DA:49,1
DA:50,1
DA:51,1
DA:52,1
DA:53,1
DA:55,1
DA:57,5
DA:58,5
DA:59,5
DA:61,5
DA:62,5
DA:63,5
DA:65,5
DA:66,5
DA:67,5
DA:68,5
DA:69,5
DA:70,5
DA:74,2
DA:75,1
DA:79,1
DA:86,5
DA:87,4
DA:89,1
DA:94,47
DA:95,47
DA:97,2
DA:99,1
DA:100,1
DA:101,1
DA:102,2
DA:105,6
DA:106,1
DA:107,5
DA:108,3
DA:109,6
DA:112,2
DA:115,1
DA:116,1
DA:117,1
DA:118,2
DA:121,3
DA:122,2
DA:123,1
DA:124,3
DA:127,3
DA:128,1
DA:129,2
DA:130,1
DA:131,1
DA:132,3
DA:135,3
DA:136,2
DA:137,1
DA:138,1
DA:139,3
DA:142,2
DA:144,1
DA:145,1
DA:147,1
DA:149,2
DA:152,2
DA:153,1
DA:154,1
DA:155,1
DA:156,2
DA:159,2
DA:161,1
DA:162,1
DA:164,1
DA:166,2
DA:169,3
DA:171,1
DA:172,2
DA:174,1
DA:175,1
DA:176,3
DA:179,2
DA:180,1
DA:181,1
DA:182,2
DA:185,2
DA:188,1
DA:189,1
DA:190,1
DA:191,2
DA:194,3
DA:195,1
DA:196,2
DA:197,1
DA:198,1
DA:199,3
DA:202,2
DA:203,1
DA:204,1
DA:206,1
DA:208,2
DA:211,2
DA:212,1
DA:213,1
DA:214,1
DA:216,2
DA:219,3
DA:220,1
DA:221,2
DA:223,1
DA:224,1
DA:225,3
DA:228,3
DA:230,1
DA:231,2
DA:232,1
DA:233,1
DA:234,3
DA:237,2
DA:238,1
DA:239,1
DA:240,1
DA:241,2
DA:243,47
LF:155
LH:138
BRDA:14,0,0,0
BRDA:14,0,1,0
BRDA:14,1,0,0
BRDA:14,1,1,0
BRDA:14,1,2,0
BRDA:14,1,3,0
BRDA:14,1,4,0
BRDA:14,1,5,0
BRDA:14,1,6,0
BRDA:14,1,7,0
BRDA:14,1,8,0
BRDA:35,2,0,1
BRDA:35,2,1,1
BRDA:74,3,0,1
BRDA:74,3,1,1
BRDA:86,4,0,4
BRDA:86,4,1,1
BRDA:86,5,0,5
BRDA:86,5,1,2
BRDA:95,6,0,2
BRDA:95,6,1,6
BRDA:95,6,2,2
BRDA:95,6,3,3
BRDA:95,6,4,3
BRDA:95,6,5,3
BRDA:95,6,6,2
BRDA:95,6,7,2
BRDA:95,6,8,2
BRDA:95,6,9,3
BRDA:95,6,10,2
BRDA:95,6,11,2
BRDA:95,6,12,3
BRDA:95,6,13,2
BRDA:95,6,14,2
BRDA:95,6,15,3
BRDA:95,6,16,3
BRDA:95,6,17,2
BRDA:97,7,0,1
BRDA:97,7,1,1
BRDA:97,8,0,2
BRDA:97,8,1,1
BRDA:97,8,2,1
BRDA:97,8,3,1
BRDA:100,9,0,1
BRDA:100,9,1,0
BRDA:100,10,0,1
BRDA:100,10,1,0
BRDA:100,10,2,0
BRDA:105,11,0,1
BRDA:105,11,1,5
BRDA:105,12,0,6
BRDA:105,12,1,5
BRDA:105,12,2,5
BRDA:107,13,0,3
BRDA:107,13,1,2
BRDA:107,14,0,5
BRDA:107,14,1,2
BRDA:107,14,2,2
BRDA:112,15,0,1
BRDA:112,15,1,1
BRDA:112,16,0,2
BRDA:112,16,1,1
BRDA:112,16,2,1
BRDA:112,16,3,1
BRDA:112,16,4,1
BRDA:112,16,5,1
BRDA:112,16,6,1
BRDA:116,17,0,1
BRDA:116,17,1,0
BRDA:116,18,0,1
BRDA:116,18,1,0
BRDA:116,18,2,0
BRDA:121,19,0,1
BRDA:121,19,1,2
BRDA:122,20,0,1
BRDA:122,20,1,1
BRDA:123,21,0,1
BRDA:123,21,1,0
BRDA:127,22,0,1
BRDA:127,22,1,2
BRDA:127,23,0,3
BRDA:127,23,1,2
BRDA:127,23,2,2
BRDA:129,24,0,1
BRDA:129,24,1,1
BRDA:129,25,0,2
BRDA:129,25,1,1
BRDA:131,26,0,1
BRDA:131,26,1,0
BRDA:135,27,0,1
BRDA:135,27,1,2
BRDA:136,28,0,1
BRDA:136,28,1,1
BRDA:136,29,0,2
BRDA:136,29,1,1
BRDA:138,30,0,1
BRDA:138,30,1,0
BRDA:142,31,0,1
BRDA:142,31,1,1
BRDA:142,32,0,2
BRDA:142,32,1,1
BRDA:142,32,2,1
BRDA:142,32,3,1
BRDA:145,33,0,1
BRDA:145,33,1,0
BRDA:145,34,0,1
BRDA:145,34,1,1
BRDA:145,34,2,1
BRDA:145,34,3,0
BRDA:152,35,0,1
BRDA:152,35,1,1
BRDA:152,36,0,2
BRDA:152,36,1,1
BRDA:152,36,2,1
BRDA:154,37,0,1
BRDA:154,37,1,0
BRDA:154,38,0,1
BRDA:154,38,1,0
BRDA:154,38,2,0
BRDA:159,39,0,1
BRDA:159,39,1,1
BRDA:159,40,0,2
BRDA:159,40,1,1
BRDA:159,40,2,1
BRDA:159,40,3,1
BRDA:162,41,0,1
BRDA:162,41,1,0
BRDA:162,42,0,1
BRDA:162,42,1,0
BRDA:162,42,2,0
BRDA:162,42,3,0
BRDA:169,43,0,1
BRDA:169,43,1,2
BRDA:169,44,0,3
BRDA:169,44,1,3
BRDA:169,44,2,3
BRDA:169,44,3,2
BRDA:169,44,4,2
BRDA:172,45,0,1
BRDA:172,45,1,1
BRDA:172,46,0,2
BRDA:172,46,1,1
BRDA:172,46,2,1
BRDA:172,46,3,1
BRDA:172,46,4,1
BRDA:175,47,0,1
BRDA:175,47,1,0
BRDA:179,48,0,1
BRDA:179,48,1,1
BRDA:179,49,0,2
BRDA:179,49,1,1
BRDA:181,50,0,1
BRDA:181,50,1,0
BRDA:185,51,0,1
BRDA:185,51,1,1
BRDA:185,52,0,2
BRDA:185,52,1,1
BRDA:185,52,2,1
BRDA:185,52,3,1
BRDA:185,52,4,1
BRDA:185,52,5,1
BRDA:185,52,6,1
BRDA:189,53,0,1
BRDA:189,53,1,0
BRDA:189,54,0,1
BRDA:189,54,1,0
BRDA:189,54,2,0
BRDA:194,55,0,1
BRDA:194,55,1,2
BRDA:194,56,0,3
BRDA:194,56,1,2
BRDA:196,57,0,1
BRDA:196,57,1,1
BRDA:196,58,0,2
BRDA:196,58,1,1
BRDA:198,59,0,1
BRDA:198,59,1,0
BRDA:202,60,0,1
BRDA:202,60,1,1
BRDA:202,61,0,2
BRDA:202,61,1,1
BRDA:202,61,2,1
BRDA:204,62,0,1
BRDA:204,62,1,0
BRDA:204,63,0,1
BRDA:204,63,1,0
BRDA:204,63,2,0
BRDA:204,63,3,0
BRDA:211,64,0,1
BRDA:211,64,1,1
BRDA:211,65,0,2
BRDA:211,65,1,1
BRDA:211,65,2,1
BRDA:213,66,0,1
BRDA:213,66,1,0
BRDA:213,67,0,1
BRDA:213,67,1,0
BRDA:219,68,0,1
BRDA:219,68,1,2
BRDA:219,69,0,3
BRDA:219,69,1,2
BRDA:221,70,0,1
BRDA:221,70,1,1
BRDA:221,71,0,2
BRDA:221,71,1,1
BRDA:221,71,2,1
BRDA:221,71,3,1
BRDA:221,71,4,1
BRDA:224,72,0,1
BRDA:224,72,1,0
BRDA:228,73,0,1
BRDA:228,73,1,2
BRDA:228,74,0,3
BRDA:228,74,1,2
BRDA:228,74,2,2
BRDA:228,74,3,2
BRDA:231,75,0,1
BRDA:231,75,1,1
BRDA:231,76,0,2
BRDA:231,76,1,1
BRDA:233,77,0,1
BRDA:233,77,1,0
BRDA:237,78,0,1
BRDA:237,78,1,1
BRDA:237,79,0,2
BRDA:237,79,1,1
BRDA:237,79,2,1
BRDA:239,80,0,1
BRDA:239,80,1,0
BRDA:239,81,0,1
BRDA:239,81,1,1
BRDA:239,81,2,1
BRF:232
BRH:188
end_of_record
